Using pre-set license
Built from '2020.2/staging' branch; Version is '2020.2.5f1 (e2c53f129de5) revision 14861631'; Using compiler version '192528614'; Build Type 'Release'
OS: 'Windows 10 Pro; OS build 19042.928; Version 2009; 64bit' Language: 'ja' Physical Memory: 16163 MB
BatchMode: 1, IsHumanControllingUs: 0, StartBugReporterOnCrash: 0, Is64bit: 1, IsPro: 0

 COMMAND LINE ARGUMENTS:
C:\Program Files\Unity\Hub\Editor\2020.2.5f1\Editor\Unity.exe
-adb2
-batchMode
-noUpm
-name
AssetImportWorker0
-projectPath
C:/Users/student/Documents/Indastrial-Mana/Indastrial Mana
-logFile
Logs/AssetImportWorker0.log
-srvPort
55240
Successfully changed project path to: C:/Users/student/Documents/Indastrial-Mana/Indastrial Mana
C:/Users/student/Documents/Indastrial-Mana/Indastrial Mana
Using Asset Import Pipeline V2.
Refreshing native plugins compatible for Editor in 20.14 ms, found 0 plugins.
Preloading 0 native plugins for Editor in 0.00 ms.
Initialize engine version: 2020.2.5f1 (e2c53f129de5)
[Subsystems] Discovering subsystems at path C:/Program Files/Unity/Hub/Editor/2020.2.5f1/Editor/Data/Resources/UnitySubsystems
[Subsystems] Discovering subsystems at path C:/Users/student/Documents/Indastrial-Mana/Indastrial Mana/Assets
GfxDevice: creating device client; threaded=0
Direct3D:
    Version:  Direct3D 11.0 [level 11.1]
    Renderer: NVIDIA GeForce GTX 1080 (ID=0x1b80)
    Vendor:   
    VRAM:     8079 MB
    Driver:   27.21.14.5749
Initialize mono
Mono path[0] = 'C:/Program Files/Unity/Hub/Editor/2020.2.5f1/Editor/Data/Managed'
Mono path[1] = 'C:/Program Files/Unity/Hub/Editor/2020.2.5f1/Editor/Data/MonoBleedingEdge/lib/mono/unityjit'
Mono config path = 'C:/Program Files/Unity/Hub/Editor/2020.2.5f1/Editor/Data/MonoBleedingEdge/etc'
Using monoOptions --debugger-agent=transport=dt_socket,embedding=1,server=y,suspend=n,address=127.0.0.1:56628
Begin MonoManager ReloadAssembly
Registering precompiled unity dll's ...
Register platform support module: C:/Program Files/Unity/Hub/Editor/2020.2.5f1/Editor/Data/PlaybackEngines/WebGLSupport/UnityEditor.WebGL.Extensions.dll
Register platform support module: C:/Program Files/Unity/Hub/Editor/2020.2.5f1/Editor/Data/PlaybackEngines/MacStandaloneSupport/UnityEditor.OSXStandalone.Extensions.dll
Register platform support module: C:/Program Files/Unity/Hub/Editor/2020.2.5f1/Editor/Data/PlaybackEngines/WindowsStandaloneSupport/UnityEditor.WindowsStandalone.Extensions.dll
Register platform support module: C:/Program Files/Unity/Hub/Editor/2020.2.5f1/Editor/Data/PlaybackEngines/LinuxStandaloneSupport/UnityEditor.LinuxStandalone.Extensions.dll
Registered in 0.005043 seconds.
Native extension for LinuxStandalone target not found
Native extension for WindowsStandalone target not found
Native extension for OSXStandalone target not found
Native extension for WebGL target not found
Refreshing native plugins compatible for Editor in 19.68 ms, found 0 plugins.
Preloading 0 native plugins for Editor in 0.00 ms.
Invoked RoslynAnalysisRunner static constructor.
RoslynAnalysisRunner will not be running.
RoslynAnalysisRunner has terminated.
Mono: successfully reloaded assembly
- Completed reload, in  1.085 seconds
Platform modules already initialized, skipping
Registering precompiled user dll's ...
Registered in 0.000867 seconds.
Begin MonoManager ReloadAssembly
Native extension for LinuxStandalone target not found
Native extension for WindowsStandalone target not found
Native extension for OSXStandalone target not found
Native extension for WebGL target not found
Refreshing native plugins compatible for Editor in 0.18 ms, found 0 plugins.
Preloading 0 native plugins for Editor in 0.00 ms.
Invoked RoslynAnalysisRunner static constructor.
RoslynAnalysisRunner will not be running.
RoslynAnalysisRunner has terminated.
Mono: successfully reloaded assembly
- Completed reload, in  0.703 seconds
Platform modules already initialized, skipping
========================================================================
Worker process is ready to serve import requests
Launched and connected shader compiler UnityShaderCompiler.exe after 0.04 seconds
Refreshing native plugins compatible for Editor in 0.18 ms, found 0 plugins.
Preloading 0 native plugins for Editor in 0.00 ms.
Unloading 1149 Unused Serialized files (Serialized files now loaded: 0)
System memory in use before: 60.8 MB.
System memory in use after: 60.9 MB.

Unloading 13 unused Assets to reduce memory usage. Loaded Objects now: 1593.
Total: 1.619000 ms (FindLiveObjects: 0.127500 ms CreateObjectMapping: 0.039800 ms MarkObjects: 1.392700 ms  DeleteObjects: 0.058000 ms)

========================================================================
Received Import Request.
  path: Assets/Script
  artifactKey: Guid(62ccfb5bb1caf1b498e43255a15bb53c) Importer(815301076,1909f56bfc062723c751e8b465ee728b)
Start importing Assets/Script using Guid(62ccfb5bb1caf1b498e43255a15bb53c) Importer(815301076,1909f56bfc062723c751e8b465ee728b)  -> (artifact id: '89b2df23d0dd7b63f52eab33c6451802') in 0.004471 seconds
  Import took 0.005939 seconds .

========================================================================
Received Import Request.
  Time since last request: 3.566339 seconds.
  path: Assets/Script/tekitou.cs
  artifactKey: Guid(501d257d31c64d4438d6c1d4d634b589) Importer(815301076,1909f56bfc062723c751e8b465ee728b)
Start importing Assets/Script/tekitou.cs using Guid(501d257d31c64d4438d6c1d4d634b589) Importer(815301076,1909f56bfc062723c751e8b465ee728b)  -> (artifact id: '7d2665134f749a091c8006a05d2fc76e') in 0.020546 seconds
  Import took 0.022047 seconds .

========================================================================
Received Import Request.
  Time since last request: 0.052458 seconds.
  path: Assets/Script/tekitou.cs
  artifactKey: Guid(501d257d31c64d4438d6c1d4d634b589) Importer(815301076,1909f56bfc062723c751e8b465ee728b)
Start importing Assets/Script/tekitou.cs using Guid(501d257d31c64d4438d6c1d4d634b589) Importer(815301076,1909f56bfc062723c751e8b465ee728b)  -> (artifact id: '7d2665134f749a091c8006a05d2fc76e') in 0.002550 seconds
  Import took 0.004270 seconds .

========================================================================
Received Prepare
Registering precompiled user dll's ...
Registered in 0.000842 seconds.
Begin MonoManager ReloadAssembly
Native extension for LinuxStandalone target not found
Native extension for WindowsStandalone target not found
Native extension for OSXStandalone target not found
Native extension for WebGL target not found
Refreshing native plugins compatible for Editor in 0.18 ms, found 0 plugins.
Preloading 0 native plugins for Editor in 0.00 ms.
Invoked RoslynAnalysisRunner static constructor.
RoslynAnalysisRunner will not be running.
RoslynAnalysisRunner has terminated.
Mono: successfully reloaded assembly
- Completed reload, in  0.674 seconds
Platform modules already initialized, skipping
Refreshing native plugins compatible for Editor in 0.17 ms, found 0 plugins.
Preloading 0 native plugins for Editor in 0.00 ms.
Unloading 1145 Unused Serialized files (Serialized files now loaded: 0)
System memory in use before: 60.8 MB.
System memory in use after: 60.9 MB.

Unloading 4 unused Assets to reduce memory usage. Loaded Objects now: 1596.
Total: 1.431600 ms (FindLiveObjects: 0.117300 ms CreateObjectMapping: 0.025000 ms MarkObjects: 1.278200 ms  DeleteObjects: 0.010400 ms)

AssetImportWorkerClient::OnTransportError - code=2 error=End of file
